[debug] [2020-02-12T06:42:15.637Z] ----------------------------------------------------------------------
[debug] [2020-02-12T06:42:15.638Z] Command:       /usr/local/bin/node /usr/local/bin/firebase init hosting
[debug] [2020-02-12T06:42:15.638Z] CLI Version:   7.12.1
[debug] [2020-02-12T06:42:15.638Z] Platform:      darwin
[debug] [2020-02-12T06:42:15.638Z] Node Version:  v11.6.0
[debug] [2020-02-12T06:42:15.639Z] Time:          Tue Feb 11 2020 22:42:15 GMT-0800 (Pacific Standard Time)
[debug] [2020-02-12T06:42:15.639Z] ----------------------------------------------------------------------
[debug] [2020-02-12T06:42:15.639Z] 
[debug] [2020-02-12T06:42:15.644Z] > command requires scopes: ["email","openid","https://www.googleapis.com/auth/cloudplatformprojects.readonly","https://www.googleapis.com/auth/firebase","https://www.googleapis.com/auth/cloud-platform"]
[debug] [2020-02-12T06:42:15.645Z] > authorizing via signed-in user
[info] 
     ######## #### ########  ######## ########     ###     ######  ########
     ##        ##  ##     ## ##       ##     ##  ##   ##  ##       ##
     ######    ##  ########  ######   ########  #########  ######  ######
     ##        ##  ##    ##  ##       ##     ## ##     ##       ## ##
     ##       #### ##     ## ######## ########  ##     ##  ######  ########

You're about to initialize a Firebase project in this directory:

  /Users/armandoochoa/pokeRPS

[info] 
=== Project Setup
[info] 
[info] First, let's associate this project directory with a Firebase project.
[info] You can create multiple project aliases by running firebase use --add, 
[info] but for now we'll just set up a default project.
[info] 
[info] i  If you want to create a project in a Google Cloud organization or folder, please use "firebase projects:create" instead, and return to this command when you've created the project.
[debug] [2020-02-12T06:43:23.538Z] > refreshing access token with scopes: ["email","https://www.googleapis.com/auth/cloud-platform","https://www.googleapis.com/auth/cloudplatformprojects.readonly","https://www.googleapis.com/auth/firebase","openid"]
[debug] [2020-02-12T06:43:23.538Z] >>> HTTP REQUEST POST https://www.googleapis.com/oauth2/v3/token  
 <request body omitted>
[debug] [2020-02-12T06:43:23.873Z] <<< HTTP RESPONSE 200
[debug] [2020-02-12T06:43:23.889Z] >>> HTTP REQUEST POST https://cloudresourcemanager.googleapis.com/v1/projects  

[debug] [2020-02-12T06:43:24.274Z] <<< HTTP RESPONSE 400
[debug] [2020-02-12T06:43:24.274Z] <<< HTTP RESPONSE BODY
[debug] [2020-02-12T06:43:24.306Z] HTTP Error: 400, field [project_id] has issue [project_id contains invalid characters]
[debug] [2020-02-12T06:43:24.563Z] FirebaseError: HTTP Error: 400, field [project_id] has issue [project_id contains invalid characters]
    at module.exports (/usr/local/lib/node_modules/firebase-tools/lib/responseToError.js:38:12)
    at Request._callback (/usr/local/lib/node_modules/firebase-tools/lib/api.js:39:35)
    at Request.self.callback (/usr/local/lib/node_modules/firebase-tools/node_modules/request/request.js:185:22)
    at Request.emit (events.js:188:13)
    at Request.EventEmitter.emit (domain.js:441:20)
    at Request.<anonymous> (/usr/local/lib/node_modules/firebase-tools/node_modules/request/request.js:1154:10)
    at Request.emit (events.js:188:13)
    at Request.EventEmitter.emit (domain.js:441:20)
    at IncomingMessage.<anonymous> (/usr/local/lib/node_modules/firebase-tools/node_modules/request/request.js:1076:12)
    at Object.onceWrapper (events.js:276:13)
    at IncomingMessage.emit (events.js:193:15)
    at IncomingMessage.EventEmitter.emit (domain.js:441:20)
    at endReadableNT (_stream_readable.js:1129:12)
    at process.internalTickCallback (internal/process/next_tick.js:72:19)
[error] 
[error] Error: Failed to create Google Cloud project. See firebase-debug.log for more info.
[debug] [2020-02-12T06:44:41.713Z] ----------------------------------------------------------------------
[debug] [2020-02-12T06:44:41.715Z] Command:       /usr/local/bin/node /usr/local/bin/firebase projects:create
[debug] [2020-02-12T06:44:41.715Z] CLI Version:   7.12.1
[debug] [2020-02-12T06:44:41.715Z] Platform:      darwin
[debug] [2020-02-12T06:44:41.715Z] Node Version:  v11.6.0
[debug] [2020-02-12T06:44:41.721Z] Time:          Tue Feb 11 2020 22:44:41 GMT-0800 (Pacific Standard Time)
[debug] [2020-02-12T06:44:41.721Z] ----------------------------------------------------------------------
[debug] [2020-02-12T06:44:41.721Z] 
[debug] [2020-02-12T06:44:41.731Z] > command requires scopes: ["email","openid","https://www.googleapis.com/auth/cloudplatformprojects.readonly","https://www.googleapis.com/auth/firebase","https://www.googleapis.com/auth/cloud-platform"]
[debug] [2020-02-12T06:44:41.731Z] > authorizing via signed-in user
[debug] [2020-02-12T06:45:00.954Z] >>> HTTP REQUEST POST https://cloudresourcemanager.googleapis.com/v1/projects  

[debug] [2020-02-12T06:45:01.333Z] <<< HTTP RESPONSE 400
[debug] [2020-02-12T06:45:01.333Z] <<< HTTP RESPONSE BODY
[debug] [2020-02-12T06:45:01.336Z] HTTP Error: 400, field [project_id] has issue [project_id contains invalid characters]
[debug] [2020-02-12T06:45:01.626Z] FirebaseError: HTTP Error: 400, field [project_id] has issue [project_id contains invalid characters]
    at module.exports (/usr/local/lib/node_modules/firebase-tools/lib/responseToError.js:38:12)
    at Request._callback (/usr/local/lib/node_modules/firebase-tools/lib/api.js:39:35)
    at Request.self.callback (/usr/local/lib/node_modules/firebase-tools/node_modules/request/request.js:185:22)
    at Request.emit (events.js:188:13)
    at Request.EventEmitter.emit (domain.js:441:20)
    at Request.<anonymous> (/usr/local/lib/node_modules/firebase-tools/node_modules/request/request.js:1154:10)
    at Request.emit (events.js:188:13)
    at Request.EventEmitter.emit (domain.js:441:20)
    at IncomingMessage.<anonymous> (/usr/local/lib/node_modules/firebase-tools/node_modules/request/request.js:1076:12)
    at Object.onceWrapper (events.js:276:13)
    at IncomingMessage.emit (events.js:193:15)
    at IncomingMessage.EventEmitter.emit (domain.js:441:20)
    at endReadableNT (_stream_readable.js:1129:12)
    at process.internalTickCallback (internal/process/next_tick.js:72:19)
[error] 
[error] Error: Failed to create Google Cloud project. See firebase-debug.log for more info.
